<?xml version="1.0" encoding="utf-8"?><testsuites><testsuite name="pytest" errors="0" failures="0" skipped="0" tests="7" time="1.046" timestamp="2024-04-19T09:50:06.456378" hostname="ds01"><testcase classname="tests.test_fastapi" name="test_read_root" time="0.011" /><testcase classname="tests.test_fastapi" name="test_read_item" time="0.004" /><testcase classname="tests.test_graphdb_persistence_service" name="test_is_connected" time="0.000" /><testcase classname="tests.test_graphdb_persistence_service" name="test_graph_query" time="0.050" /><testcase classname="tests.test_graphdb_persistence_service" name="test_graph_update" time="0.126" /><testcase classname="tests.test_hello" name="test_greet" time="0.000" /><testcase classname="tests.test_hello" name="test_check_vg_connection" time="0.186" /></testsuite></testsuites>
